Error: CORS blocked: http://localhost:8080
    at origin (E:\Apps\FAS_b901236\asset-manager-backend\index.js:68:15)
    at E:\Apps\FAS_b901236\asset-manager-backend\node_modules\cors\lib\index.js:219:13
    at optionsCallback (E:\Apps\FAS_b901236\asset-manager-backend\node_modules\cors\lib\index.js:199:9)
    at corsMiddleware (E:\Apps\FAS_b901236\asset-manager-backend\node_modules\cors\lib\index.js:204:7)
    at Layer.handleRequest (E:\Apps\FAS_b901236\asset-manager-backend\node_modules\router\lib\layer.js:152:17)
    at trimPrefix (E:\Apps\FAS_b901236\asset-manager-backend\node_modules\router\index.js:342:13)
    at E:\Apps\FAS_b901236\asset-manager-backend\node_modules\router\index.js:297:9
    at processParams (E:\Apps\FAS_b901236\asset-manager-backend\node_modules\router\index.js:582:12)
    at next (E:\Apps\FAS_b901236\asset-manager-backend\node_modules\router\index.js:291:5)
    at Function.handle (E:\Apps\FAS_b901236\asset-manager-backend\node_modules\router\index.js:186:3)
Error: CORS blocked: http://localhost:8080
    at origin (E:\Apps\FAS_b901236\asset-manager-backend\index.js:68:15)
    at E:\Apps\FAS_b901236\asset-manager-backend\node_modules\cors\lib\index.js:219:13
    at optionsCallback (E:\Apps\FAS_b901236\asset-manager-backend\node_modules\cors\lib\index.js:199:9)
    at corsMiddleware (E:\Apps\FAS_b901236\asset-manager-backend\node_modules\cors\lib\index.js:204:7)
    at Layer.handleRequest (E:\Apps\FAS_b901236\asset-manager-backend\node_modules\router\lib\layer.js:152:17)
    at trimPrefix (E:\Apps\FAS_b901236\asset-manager-backend\node_modules\router\index.js:342:13)
    at E:\Apps\FAS_b901236\asset-manager-backend\node_modules\router\index.js:297:9
    at processParams (E:\Apps\FAS_b901236\asset-manager-backend\node_modules\router\index.js:582:12)
    at next (E:\Apps\FAS_b901236\asset-manager-backend\node_modules\router\index.js:291:5)
    at Function.handle (E:\Apps\FAS_b901236\asset-manager-backend\node_modules\router\index.js:186:3)
